INFO:     Will watch for changes in these directories: ['C:\\Users\\HP\\Desktop\\docflow\\backend']
INFO:     Uvicorn running on http://127.0.0.1:8000 (Press CTRL+C to quit)
INFO:     Started reloader process [13972] using WatchFiles
INFO:app.core.database:Database engine created (echo=False)
INFO:     Started server process [13588]
INFO:     Waiting for application startup.
INFO:app.main:Starting up DocFlow API...
ERROR:app.main:Startup failed: password authentication failed for user "docflow"
ERROR:    Traceback (most recent call last):
  File "C:\Users\HP\AppData\Local\Programs\Python\Python310\lib\site-packages\starlette\routing.py", line 693, in lifespan
    async with self.lifespan_context(app) as maybe_state:
  File "C:\Users\HP\AppData\Local\Programs\Python\Python310\lib\contextlib.py", line 199, in __aenter__
    return await anext(self.gen)
  File "C:\Users\HP\AppData\Local\Programs\Python\Python310\lib\site-packages\fastapi\routing.py", line 133, in merged_lifespan
    async with original_context(app) as maybe_original_state:
  File "C:\Users\HP\AppData\Local\Programs\Python\Python310\lib\contextlib.py", line 199, in __aenter__
    return await anext(self.gen)
  File "C:\Users\HP\AppData\Local\Programs\Python\Python310\lib\site-packages\fastapi\routing.py", line 133, in merged_lifespan
    async with original_context(app) as maybe_original_state:
  File "C:\Users\HP\AppData\Local\Programs\Python\Python310\lib\contextlib.py", line 199, in __aenter__
    return await anext(self.gen)
  File "C:\Users\HP\AppData\Local\Programs\Python\Python310\lib\site-packages\fastapi\routing.py", line 133, in merged_lifespan
    async with original_context(app) as maybe_original_state:
  File "C:\Users\HP\AppData\Local\Programs\Python\Python310\lib\contextlib.py", line 199, in __aenter__
    return await anext(self.gen)
  File "C:\Users\HP\Desktop\docflow\backend\app\main.py", line 23, in lifespan
    async with engine.begin() as conn:
  File "C:\Users\HP\AppData\Local\Programs\Python\Python310\lib\contextlib.py", line 199, in __aenter__
    return await anext(self.gen)
  File "C:\Users\HP\AppData\Local\Programs\Python\Python310\lib\site-packages\sqlalchemy\ext\asyncio\engine.py", line 1063, in begin
    async with conn:
  File "C:\Users\HP\AppData\Local\Programs\Python\Python310\lib\site-packages\sqlalchemy\ext\asyncio\base.py", line 121, in __aenter__
    return await self.start(is_ctxmanager=True)
  File "C:\Users\HP\AppData\Local\Programs\Python\Python310\lib\site-packages\sqlalchemy\ext\asyncio\engine.py", line 273, in start
    await greenlet_spawn(self.sync_engine.connect)
  File "C:\Users\HP\AppData\Local\Programs\Python\Python310\lib\site-packages\sqlalchemy\util\_concurrency_py3k.py", line 201, in greenlet_spawn
    result = context.throw(*sys.exc_info())
  File "C:\Users\HP\AppData\Local\Programs\Python\Python310\lib\site-packages\sqlalchemy\engine\base.py", line 3278, in connect
    return self._connection_cls(self)
  File "C:\Users\HP\AppData\Local\Programs\Python\Python310\lib\site-packages\sqlalchemy\engine\base.py", line 146, in __init__
    self._dbapi_connection = engine.raw_connection()
  File "C:\Users\HP\AppData\Local\Programs\Python\Python310\lib\site-packages\sqlalchemy\engine\base.py", line 3302, in raw_connection
    return self.pool.connect()
  File "C:\Users\HP\AppData\Local\Programs\Python\Python310\lib\site-packages\sqlalchemy\pool\base.py", line 449, in connect
    return _ConnectionFairy._checkout(self)
  File "C:\Users\HP\AppData\Local\Programs\Python\Python310\lib\site-packages\sqlalchemy\pool\base.py", line 1263, in _checkout
    fairy = _ConnectionRecord.checkout(pool)
  File "C:\Users\HP\AppData\Local\Programs\Python\Python310\lib\site-packages\sqlalchemy\pool\base.py", line 712, in checkout
    rec = pool._do_get()
  File "C:\Users\HP\AppData\Local\Programs\Python\Python310\lib\site-packages\sqlalchemy\pool\impl.py", line 179, in _do_get
    with util.safe_reraise():
  File "C:\Users\HP\AppData\Local\Programs\Python\Python310\lib\site-packages\sqlalchemy\util\langhelpers.py", line 146, in __exit__
    raise exc_value.with_traceback(exc_tb)
  File "C:\Users\HP\AppData\Local\Programs\Python\Python310\lib\site-packages\sqlalchemy\pool\impl.py", line 177, in _do_get
    return self._create_connection()
  File "C:\Users\HP\AppData\Local\Programs\Python\Python310\lib\site-packages\sqlalchemy\pool\base.py", line 390, in _create_connection
    return _ConnectionRecord(self)
  File "C:\Users\HP\AppData\Local\Programs\Python\Python310\lib\site-packages\sqlalchemy\pool\base.py", line 674, in __init__
    self.__connect()
  File "C:\Users\HP\AppData\Local\Programs\Python\Python310\lib\site-packages\sqlalchemy\pool\base.py", line 900, in __connect
    with util.safe_reraise():
  File "C:\Users\HP\AppData\Local\Programs\Python\Python310\lib\site-packages\sqlalchemy\util\langhelpers.py", line 146, in __exit__
    raise exc_value.with_traceback(exc_tb)
  File "C:\Users\HP\AppData\Local\Programs\Python\Python310\lib\site-packages\sqlalchemy\pool\base.py", line 896, in __connect
    self.dbapi_connection = connection = pool._invoke_creator(self)
  File "C:\Users\HP\AppData\Local\Programs\Python\Python310\lib\site-packages\sqlalchemy\engine\create.py", line 643, in connect
    return dialect.connect(*cargs, **cparams)
  File "C:\Users\HP\AppData\Local\Programs\Python\Python310\lib\site-packages\sqlalchemy\engine\default.py", line 621, in connect
    return self.loaded_dbapi.connect(*cargs, **cparams)
  File "C:\Users\HP\AppData\Local\Programs\Python\Python310\lib\site-packages\sqlalchemy\dialects\postgresql\asyncpg.py", line 949, in connect
    await_only(creator_fn(*arg, **kw)),
  File "C:\Users\HP\AppData\Local\Programs\Python\Python310\lib\site-packages\sqlalchemy\util\_concurrency_py3k.py", line 132, in await_only
    return current.parent.switch(awaitable)  # type: ignore[no-any-return,attr-defined] # noqa: E501
  File "C:\Users\HP\AppData\Local\Programs\Python\Python310\lib\site-packages\sqlalchemy\util\_concurrency_py3k.py", line 196, in greenlet_spawn
    value = await result
  File "C:\Users\HP\AppData\Local\Programs\Python\Python310\lib\site-packages\asyncpg\connection.py", line 2421, in connect
    return await connect_utils._connect(
  File "C:\Users\HP\AppData\Local\Programs\Python\Python310\lib\site-packages\asyncpg\connect_utils.py", line 1049, in _connect
    conn = await _connect_addr(
  File "C:\Users\HP\AppData\Local\Programs\Python\Python310\lib\site-packages\asyncpg\connect_utils.py", line 886, in _connect_addr
    return await __connect_addr(params, True, *args)
  File "C:\Users\HP\AppData\Local\Programs\Python\Python310\lib\site-packages\asyncpg\connect_utils.py", line 934, in __connect_addr
    await connected
asyncpg.exceptions.InvalidPasswordError: password authentication failed for user "docflow"

ERROR:    Application startup failed. Exiting.
